<?xml version="1.0" encoding="UTF-8"?>
<!-- Generated by org.testng.reporters.JUnitReportReporter -->
<testsuite skipped="0" hostname="MyDell" name="tests.Login.LoginFailTest" tests="11" failures="0" timestamp="2023-04-22T16:29:40 IDT" time="31.140" errors="0">
  <testcase name="tc03_loginFail_Wrong_Password" time="3.217" classname="tests.Login.LoginFailTest"/>
  <system-out/>
  <testcase name="tc02_loginFail_Wrong_Email" time="1.681" classname="tests.Login.LoginFailTest"/>
  <system-out/>
  <testcase name="tc01_loginFail_not_existsUser" time="8.723" classname="tests.Login.LoginFailTest"/>
  <system-out/>
  <testcase name="tc03_loginFail_Wrong_Password" time="2.774" classname="tests.Login.LoginFailTest"/>
  <system-out/>
  <testcase name="tc03_loginFail_Wrong_Password" time="2.462" classname="tests.Login.LoginFailTest"/>
  <system-out/>
  <testcase name="tc02_loginFail_Wrong_Email" time="2.108" classname="tests.Login.LoginFailTest"/>
  <system-out/>
  <testcase name="tc02_loginFail_Wrong_Email" time="1.931" classname="tests.Login.LoginFailTest"/>
  <system-out/>
  <testcase name="tc02_loginFail_Wrong_Email" time="1.985" classname="tests.Login.LoginFailTest"/>
  <system-out/>
  <testcase name="tc02_loginFail_Wrong_Email" time="2.045" classname="tests.Login.LoginFailTest"/>
  <system-out/>
  <testcase name="tc05_loginFail_empty_Password_field" time="1.798" classname="tests.Login.LoginFailTest"/>
  <system-out/>
  <testcase name="tc03_loginFail_Wrong_Password" time="2.416" classname="tests.Login.LoginFailTest"/>
  <system-out/>
</testsuite> <!-- tests.Login.LoginFailTest -->
