<?xml version="1.0" encoding="UTF-8"?>
<!-- Generated by org.testng.reporters.JUnitReportReporter -->
<testsuite skipped="0" hostname="MyDell" name="tests.Destinations.DestinationsFailSearchTest" tests="6" failures="0" timestamp="2023-04-22T16:29:40 IDT" time="32.943" errors="0">
  <testcase name="tc02_DestinationsSearchWrongData" time="6.437" classname="tests.Destinations.DestinationsFailSearchTest"/>
  <system-out/>
  <testcase name="tc01_DestinationsSearchEmpty" time="3.556" classname="tests.Destinations.DestinationsFailSearchTest"/>
  <system-out/>
  <testcase name="tc01_DestinationsSearchEmpty" time="3.404" classname="tests.Destinations.DestinationsFailSearchTest"/>
  <system-out/>
  <testcase name="tc02_DestinationsSearchWrongData" time="6.687" classname="tests.Destinations.DestinationsFailSearchTest"/>
  <system-out/>
  <testcase name="tc02_DestinationsSearchWrongData" time="6.450" classname="tests.Destinations.DestinationsFailSearchTest"/>
  <system-out/>
  <testcase name="tc02_DestinationsSearchWrongData" time="6.409" classname="tests.Destinations.DestinationsFailSearchTest"/>
  <system-out/>
</testsuite> <!-- tests.Destinations.DestinationsFailSearchTest -->
