<?xml version="1.0" encoding="UTF-8"?>
<!-- Generated by org.testng.reporters.JUnitReportReporter -->
<testsuite skipped="0" hostname="MyDell" name="tests.Login.LoginWindowLinks" tests="2" failures="0" timestamp="2023-04-22T16:29:40 IDT" time="6.526" errors="0">
  <testcase name="tc02_forgotPasswordPage_Display" time="3.381" classname="tests.Login.LoginWindowLinks"/>
  <system-out/>
  <testcase name="tc01_signUpForm_Display" time="3.145" classname="tests.Login.LoginWindowLinks"/>
  <system-out/>
</testsuite> <!-- tests.Login.LoginWindowLinks -->
