<?xml version="1.0" encoding="UTF-8"?>
<!-- Generated by org.testng.reporters.JUnitReportReporter -->
<testsuite skipped="0" hostname="MyDell" name="tests.Login.LogOutTest" tests="1" failures="0" timestamp="2023-04-22T16:29:40 IDT" time="11.010" errors="0">
  <testcase name="tc01_logOut" time="11.010" classname="tests.Login.LogOutTest"/>
  <system-out/>
</testsuite> <!-- tests.Login.LogOutTest -->
