<?xml version="1.0" encoding="UTF-8"?>
<!-- Generated by org.testng.reporters.JUnitReportReporter -->
<testsuite skipped="0" hostname="MyDell" name="tests.HeaderTest" tests="2" failures="0" timestamp="2023-04-22T16:29:40 IDT" time="51.966" errors="0">
  <testcase name="tc01_linksHeaderMenuInnerLinks" time="8.173" classname="tests.HeaderTest"/>
  <system-out/>
  <testcase name="tc02_linksHeaderMenuOuterLinks" time="43.793" classname="tests.HeaderTest"/>
  <system-out/>
</testsuite> <!-- tests.HeaderTest -->
