<?xml version="1.0" encoding="UTF-8"?>
<!-- Generated by org.testng.reporters.JUnitReportReporter -->
<testsuite skipped="0" hostname="MyDell" name="tests.Login.LoginTest" tests="1" failures="0" timestamp="2023-04-22T16:29:40 IDT" time="8.951" errors="0">
  <testcase name="tc01_validLogin" time="8.951" classname="tests.Login.LoginTest"/>
  <system-out/>
</testsuite> <!-- tests.Login.LoginTest -->
