<?xml version="1.0" encoding="UTF-8"?>
<!-- Generated by org.testng.reporters.JUnitReportReporter -->
<testsuite skipped="0" hostname="MyDell" name="tests.CreateATrip.CreateATripTest" tests="1" failures="0" timestamp="2023-04-22T16:29:40 IDT" time="2.752" errors="0">
  <testcase name="tc01_CreateATripPageTitle" time="2.752" classname="tests.CreateATrip.CreateATripTest"/>
  <system-out/>
</testsuite> <!-- tests.CreateATrip.CreateATripTest -->
