<?xml version="1.0" encoding="UTF-8"?>
<!-- Generated by org.testng.reporters.JUnitReportReporter -->
<testsuite skipped="0" hostname="MyDell" name="tests.CreateATrip.CreateAtripFlowDestination_1" tests="3" failures="0" timestamp="2023-04-22T16:29:40 IDT" time="9.041" errors="0">
  <testcase name="tc02_SelectDestinationGoToNextStep" time="2.747" classname="tests.CreateATrip.CreateAtripFlowDestination_1"/>
  <system-out/>
  <testcase name="tc01_CreateATripKnowDestination" time="3.389" classname="tests.CreateATrip.CreateAtripFlowDestination_1"/>
  <system-out/>
  <testcase name="tc03_SelectDestinationGoToNextStepDates" time="2.905" classname="tests.CreateATrip.CreateAtripFlowDestination_1"/>
  <system-out/>
</testsuite> <!-- tests.CreateATrip.CreateAtripFlowDestination_1 -->
